<?xml version="1.0" encoding="UTF-8"?>
<!-- Generated by org.testng.reporters.JUnitReportReporter -->
<testsuite hostname="Sunils-MacBook-Pro.local" failures="0" tests="3" name="dev.sunilb.FizzBuzzMultipleOfThreeTest" time="0.000" errors="0" timestamp="2021-07-19T11:04:30 IST" skipped="0">
  <testcase classname="dev.sunilb.FizzBuzzMultipleOfThreeTest" name="shouldReturnFizzForThree" time="0.000"/>
  <system-out/>
  <testcase classname="dev.sunilb.FizzBuzzMultipleOfThreeTest" name="shouldReturnFizzForThree" time="0.000"/>
  <system-out/>
  <testcase classname="dev.sunilb.FizzBuzzMultipleOfThreeTest" name="shouldReturnFizzForThree" time="0.000"/>
  <system-out/>
</testsuite> <!-- dev.sunilb.FizzBuzzMultipleOfThreeTest -->
