<?xml version="1.0" encoding="UTF-8"?>
<!-- Generated by org.testng.reporters.JUnitReportReporter -->
<testsuite hostname="Sunils-MacBook-Pro.local" failures="0" tests="1" name="dev.sunilb.AppTest" time="0.004" errors="0" timestamp="2021-07-19T11:09:30 IST" skipped="0">
  <testcase classname="dev.sunilb.AppTest" name="shouldAnswerWithTrue" time="0.004"/>
  <system-out/>
</testsuite> <!-- dev.sunilb.AppTest -->
