<?xml version="1.0" encoding="UTF-8"?>
<testsuite xmlns:xsi="http://www.w3.org/2001/XMLSchema-instance" xsi:noNamespaceSchemaLocation="https://maven.apache.org/surefire/maven-surefire-plugin/xsd/surefire-test-report.xsd" name="TestSuite" time="0.562" tests="7" errors="0" skipped="0" failures="0">
  <properties>
    <property name="awt.toolkit" value="sun.lwawt.macosx.LWCToolkit"/>
    <property name="jdk.extensions.version" value="11.0.10.0"/>
    <property name="java.specification.version" value="11"/>
    <property name="file.encoding.pkg" value="sun.io"/>
    <property name="sun.jnu.encoding" value="UTF-8"/>
    <property name="java.class.path" value="/Users/sunilb/sunilb/codebase/codekata/java/FizzBuzz/target/test-classes:/Users/sunilb/sunilb/codebase/codekata/java/FizzBuzz/target/classes:/Users/sunilb/.m2/repository/org/testng/testng/7.4.0/testng-7.4.0.jar:/Users/sunilb/.m2/repository/com/beust/jcommander/1.78/jcommander-1.78.jar:/Users/sunilb/.m2/repository/org/webjars/jquery/3.5.1/jquery-3.5.1.jar:"/>
    <property name="java.vm.vendor" value="Eclipse OpenJ9"/>
    <property name="com.ibm.vm.bitmode" value="64"/>
    <property name="sun.arch.data.model" value="64"/>
    <property name="user.variant" value=""/>
    <property name="com.ibm.oti.vm.library.version" value="29"/>
    <property name="java.vendor.url" value="https://adoptopenjdk.net/"/>
    <property name="user.timezone" value=""/>
    <property name="os.name" value="Mac OS X"/>
    <property name="java.vm.specification.version" value="11"/>
    <property name="user.country" value="US"/>
    <property name="sun.java.launcher" value="SUN_STANDARD"/>
    <property name="sun.boot.library.path" value="/Users/sunilb/.sdkman/candidates/java/11.0.10.j9-adpt/lib/compressedrefs:/Users/sunilb/.sdkman/candidates/java/11.0.10.j9-adpt/lib"/>
    <property name="sun.java.command" value="/Users/sunilb/sunilb/codebase/codekata/java/FizzBuzz/target/surefire/surefirebooter3679554659964800483.jar /Users/sunilb/sunilb/codebase/codekata/java/FizzBuzz/target/surefire 2021-07-19T11-09-29_900-jvmRun1 surefire11560626246903938644tmp surefire_013701185407532212292tmp"/>
    <property name="surefire.test.class.path" value="/Users/sunilb/sunilb/codebase/codekata/java/FizzBuzz/target/test-classes:/Users/sunilb/sunilb/codebase/codekata/java/FizzBuzz/target/classes:/Users/sunilb/.m2/repository/org/testng/testng/7.4.0/testng-7.4.0.jar:/Users/sunilb/.m2/repository/com/beust/jcommander/1.78/jcommander-1.78.jar:/Users/sunilb/.m2/repository/org/webjars/jquery/3.5.1/jquery-3.5.1.jar:"/>
    <property name="sun.cpu.endian" value="little"/>
    <property name="user.home" value="/Users/sunilb"/>
    <property name="user.language" value="en"/>
    <property name="java.specification.vendor" value="Oracle Corporation"/>
    <property name="java.version.date" value="2021-01-19"/>
    <property name="java.home" value="/Users/sunilb/.sdkman/candidates/java/11.0.10.j9-adpt"/>
    <property name="ibm.signalhandling.rs" value="false"/>
    <property name="jdk.extensions.name" value="Extensions for OpenJDK for Eclipse OpenJ9"/>
    <property name="basedir" value="/Users/sunilb/sunilb/codebase/codekata/java/FizzBuzz"/>
    <property name="file.separator" value="/"/>
    <property name="line.separator" value="&#10;"/>
    <property name="java.vm.specification.vendor" value="Oracle Corporation"/>
    <property name="java.specification.name" value="Java Platform API Specification"/>
    <property name="java.compiler" value="j9jit29"/>
    <property name="com.ibm.util.extralibs.properties" value=""/>
    <property name="java.awt.graphicsenv" value="sun.awt.CGraphicsEnvironment"/>
    <property name="com.ibm.oti.configuration" value="scar"/>
    <property name="surefire.real.class.path" value="/Users/sunilb/sunilb/codebase/codekata/java/FizzBuzz/target/surefire/surefirebooter3679554659964800483.jar"/>
    <property name="com.ibm.oti.shared.enabled" value="false"/>
    <property name="com.ibm.oti.vm.bootstrap.library.path" value="/Users/sunilb/.sdkman/candidates/java/11.0.10.j9-adpt/lib/compressedrefs:/Users/sunilb/.sdkman/candidates/java/11.0.10.j9-adpt/lib"/>
    <property name="com.ibm.cpu.endian" value="little"/>
    <property name="java.fullversion" value="11.0.10+9&#10;JRE 11 Mac OS X amd64-64-Bit Compressed References 20210120_897 (JIT enabled, AOT enabled)&#10;OpenJ9   - 345e1b09e&#10;OMR      - 741e94ea8&#10;JCL      - 0a86953833 based on jdk-11.0.10+9"/>
    <property name="java.runtime.version" value="11.0.10+9"/>
    <property name="user.name" value="sunilb"/>
    <property name="path.separator" value=":"/>
    <property name="os.version" value="10.15.7"/>
    <property name="java.runtime.name" value="OpenJDK Runtime Environment"/>
    <property name="ibm.signalhandling.sigint" value="true"/>
    <property name="file.encoding" value="UTF-8"/>
    <property name="java.vm.name" value="Eclipse OpenJ9 VM"/>
    <property name="java.vendor.version" value="AdoptOpenJDK"/>
    <property name="ibm.signalhandling.sigchain" value="true"/>
    <property name="localRepository" value="/Users/sunilb/.m2/repository"/>
    <property name="java.vendor.url.bug" value="https://github.com/AdoptOpenJDK/openjdk-support/issues"/>
    <property name="java.io.tmpdir" value="/var/folders/tn/2_bh12854bj1pl39cpq48byc0000gn/T/"/>
    <property name="idea.version" value="2021.1.3"/>
    <property name="java.version" value="11.0.10"/>
    <property name="user.dir" value="/Users/sunilb/sunilb/codebase/codekata/java/FizzBuzz"/>
    <property name="com.ibm.system.agent.path" value="/Users/sunilb/.sdkman/candidates/java/11.0.10.j9-adpt/lib"/>
    <property name="os.arch" value="x86_64"/>
    <property name="java.vm.specification.name" value="Java Virtual Machine Specification"/>
    <property name="java.awt.printerjob" value="sun.lwawt.macosx.CPrinterJob"/>
    <property name="os.encoding" value="UTF-8"/>
    <property name="java.library.path" value="/Users/sunilb/.sdkman/candidates/java/11.0.10.j9-adpt/lib/compressedrefs:/Users/sunilb/.sdkman/candidates/java/11.0.10.j9-adpt/lib:/usr/lib"/>
    <property name="java.vm.info" value="JRE 11 Mac OS X amd64-64-Bit Compressed References 20210120_897 (JIT enabled, AOT enabled)&#10;OpenJ9   - 345e1b09e&#10;OMR      - 741e94ea8&#10;JCL      - 0a86953833 based on jdk-11.0.10+9"/>
    <property name="java.vendor" value="AdoptOpenJDK"/>
    <property name="java.vm.version" value="openj9-0.24.0"/>
    <property name="ibm.system.encoding" value="UTF-8"/>
    <property name="com.ibm.jcl.checkClassPath" value=""/>
    <property name="sun.io.unicode.encoding" value="UnicodeLittle"/>
    <property name="java.class.version" value="55.0"/>
  </properties>
  <testcase name="shouldAnswerWithTrue" classname="dev.sunilb.AppTest" time="0.005"/>
  <testcase name="shouldReturnFizzForThree" classname="dev.sunilb.FizzBuzzMultipleOfThreeTest" time="0.001"/>
  <testcase name="shouldReturnFizzForThree" classname="dev.sunilb.FizzBuzzMultipleOfThreeTest" time="0"/>
  <testcase name="shouldReturnFizzForThree" classname="dev.sunilb.FizzBuzzMultipleOfThreeTest" time="0"/>
  <testcase name="shouldReturnBuzzForFive" classname="dev.sunilb.FizzBuzzMultipleOfFiveTest" time="0"/>
  <testcase name="shouldReturnBuzzForFive" classname="dev.sunilb.FizzBuzzMultipleOfFiveTest" time="0.001"/>
  <testcase name="shouldReturnBuzzForFive" classname="dev.sunilb.FizzBuzzMultipleOfFiveTest" time="0"/>
</testsuite>